cabal: Entering directory '/var/folders/c_/5989hd79191ggc39lbpcr1fr0000gp/T/cabal-tmp-25243/hslogger-1.2.10'
Configuring hslogger-1.2.10...
Building hslogger-1.2.10...
Preprocessing library hslogger-1.2.10...
[1 of 8] Compiling System.Log       ( src/System/Log.hs, dist/dist-sandbox-117d5c2c/build/System/Log.o )
[2 of 8] Compiling System.Log.Formatter ( src/System/Log/Formatter.hs, dist/dist-sandbox-117d5c2c/build/System/Log/Formatter.o )
[3 of 8] Compiling System.Log.Handler ( src/System/Log/Handler.hs, dist/dist-sandbox-117d5c2c/build/System/Log/Handler.o )
[4 of 8] Compiling System.Log.Handler.Growl ( src/System/Log/Handler/Growl.hs, dist/dist-sandbox-117d5c2c/build/System/Log/Handler/Growl.o )

src/System/Log/Handler/Growl.hs:47:59: warning: [-Wdeprecations]
    In the use of ‘sClose’ (imported from Network.Socket):
    Deprecated: "use 'close'"

src/System/Log/Handler/Growl.hs:50:21: warning: [-Wdeprecations]
    In the use of ‘sendTo’ (imported from Network.Socket):
    "Use sendTo defined in "Network.Socket.ByteString""

src/System/Log/Handler/Growl.hs:109:32: warning: [-Wdeprecations]
    In the use of ‘sendTo’ (imported from Network.Socket):
    "Use sendTo defined in "Network.Socket.ByteString""
[5 of 8] Compiling System.Log.Handler.Simple ( src/System/Log/Handler/Simple.hs, dist/dist-sandbox-117d5c2c/build/System/Log/Handler/Simple.o )
[6 of 8] Compiling System.Log.Handler.Log4jXML ( src/System/Log/Handler/Log4jXML.hs, dist/dist-sandbox-117d5c2c/build/System/Log/Handler/Log4jXML.o )
[7 of 8] Compiling System.Log.Handler.Syslog ( src/System/Log/Handler/Syslog.hs, dist/dist-sandbox-117d5c2c/build/System/Log/Handler/Syslog.o )

src/System/Log/Handler/Syslog.hs:198:16: warning: [-Wdeprecations]
    In the use of ‘sClose’ (imported from Network.Socket):
    Deprecated: "use 'close'"

src/System/Log/Handler/Syslog.hs:260:33: warning: [-Wdeprecations]
    In the use of ‘sendTo’ (imported from Network.Socket):
    "Use sendTo defined in "Network.Socket.ByteString""

src/System/Log/Handler/Syslog.hs:261:33: warning: [-Wdeprecations]
    In the use of ‘send’ (imported from Network.Socket):
    "Use send defined in "Network.Socket.ByteString""

src/System/Log/Handler/Syslog.hs:278:16: warning: [-Wdeprecations]
    In the use of ‘sClose’ (imported from Network.Socket):
    Deprecated: "use 'close'"
[8 of 8] Compiling System.Log.Logger ( src/System/Log/Logger.hs, dist/dist-sandbox-117d5c2c/build/System/Log/Logger.o )

src/System/Log/Logger.hs:201:1: warning: [-Wdeprecations]
    Module ‘Control.Monad.Error’ is deprecated:
      Use Control.Monad.Except instead
Creating package registration file:
/var/folders/c_/5989hd79191ggc39lbpcr1fr0000gp/T/pkgConf-hslogger-1.218645465171351934195.10
Installing library in
/Users/aterribili/dev/starkcli/.cabal-sandbox/lib/x86_64-osx-ghc-8.0.2/hslogger-1.2.10-FO6SSedUxMWC5cvnheE9OM
Registering hslogger-1.2.10...
cabal: Leaving directory '/var/folders/c_/5989hd79191ggc39lbpcr1fr0000gp/T/cabal-tmp-25243/hslogger-1.2.10'
